Using pre-set license
Built from '2021.2/staging' branch; Version is '2021.2.18f1 (0c6e675195cf) revision 814695'; Using compiler version '192829333'; Build Type 'Release'
OS: 'Windows 10  (10.0.19045) 64bit Professional' Language: 'en' Physical Memory: 16332 MB
BatchMode: 1, IsHumanControllingUs: 0, StartBugReporterOnCrash: 0, Is64bit: 1, IsPro: 1

COMMAND LINE ARGUMENTS:
C:\Program Files\Unity\Hub\Editor\2021.2.18f1\Editor\Unity.exe
-adb2
-batchMode
-noUpm
-name
AssetImportWorker14
-projectPath
C:/Users/marka/Documents/GitHub/FiringRangeP2532535/NewVRGameP2532535
-logFile
Logs/AssetImportWorker14.log
-srvPort
55691
Successfully changed project path to: C:/Users/marka/Documents/GitHub/FiringRangeP2532535/NewVRGameP2532535
C:/Users/marka/Documents/GitHub/FiringRangeP2532535/NewVRGameP2532535
[UnityMemory] Configuration Parameters - Can be set up in boot.config
    "memorysetup-bucket-allocator-granularity=16"
    "memorysetup-bucket-allocator-bucket-count=8"
    "memorysetup-bucket-allocator-block-size=33554432"
    "memorysetup-bucket-allocator-block-count=8"
    "memorysetup-main-allocator-block-size=16777216"
    "memorysetup-thread-allocator-block-size=16777216"
    "memorysetup-gfx-main-allocator-block-size=16777216"
    "memorysetup-gfx-thread-allocator-block-size=16777216"
    "memorysetup-cache-allocator-block-size=4194304"
    "memorysetup-typetree-allocator-block-size=2097152"
    "memorysetup-profiler-bucket-allocator-granularity=16"
    "memorysetup-profiler-bucket-allocator-bucket-count=8"
    "memorysetup-profiler-bucket-allocator-block-size=33554432"
    "memorysetup-profiler-bucket-allocator-block-count=8"
    "memorysetup-profiler-allocator-block-size=16777216"
    "memorysetup-profiler-editor-allocator-block-size=1048576"
    "memorysetup-temp-allocator-size-main=16777216"
    "memorysetup-job-temp-allocator-block-size=2097152"
    "memorysetup-job-temp-allocator-block-size-background=1048576"
    "memorysetup-job-temp-allocator-reduction-small-platforms=262144"
    "memorysetup-temp-allocator-size-background-worker=32768"
    "memorysetup-temp-allocator-size-job-worker=262144"
    "memorysetup-temp-allocator-size-preload-manager=33554432"
    "memorysetup-temp-allocator-size-nav-mesh-worker=65536"
    "memorysetup-temp-allocator-size-audio-worker=65536"
    "memorysetup-temp-allocator-size-cloud-worker=32768"
    "memorysetup-temp-allocator-size-gi-baking-worker=262144"
    "memorysetup-temp-allocator-size-gfx=262144"
Refreshing native plugins compatible for Editor in 200.82 ms, found 14 plugins.
Preloading 1 native plugins for Editor in 0.52 ms.
Initialize engine version: 2021.2.18f1 (0c6e675195cf)
[Subsystems] Discovering subsystems at path C:/Program Files/Unity/Hub/Editor/2021.2.18f1/Editor/Data/Resources/UnitySubsystems
[Subsystems] Discovering subsystems at path C:/Users/marka/Documents/GitHub/FiringRangeP2532535/NewVRGameP2532535/Assets
GfxDevice: creating device client; threaded=0; jobified=0
Direct3D:
    Version:  Direct3D 11.0 [level 11.1]
    Renderer: AMD Radeon RX 6700 XT (ID=0x73df)
    Vendor:   ATI
    VRAM:     12243 MB
    Driver:   31.0.12029.10015
Shader 'Oculus/OVRMRCameraFrameLit': fallback shader 'Alpha-Diffuse' not found
Initialize mono
Mono path[0] = 'C:/Program Files/Unity/Hub/Editor/2021.2.18f1/Editor/Data/Managed'
Mono path[1] = 'C:/Program Files/Unity/Hub/Editor/2021.2.18f1/Editor/Data/MonoBleedingEdge/lib/mono/unityjit-win32'
Mono config path = 'C:/Program Files/Unity/Hub/Editor/2021.2.18f1/Editor/Data/MonoBleedingEdge/etc'
Using monoOptions --debugger-agent=transport=dt_socket,embedding=1,server=y,suspend=n,address=127.0.0.1:56224
Begin MonoManager ReloadAssembly
Registering precompiled unity dll's ...
Register platform support module: C:/Program Files/Unity/Hub/Editor/2021.2.18f1/Editor/Data/PlaybackEngines/AndroidPlayer/UnityEditor.Android.Extensions.dll
Register platform support module: C:/Program Files/Unity/Hub/Editor/2021.2.18f1/Editor/Data/PlaybackEngines/WindowsStandaloneSupport/UnityEditor.WindowsStandalone.Extensions.dll
Registered in 0.015448 seconds.
Native extension for WindowsStandalone target not found
Native extension for Android target not found
Refreshing native plugins compatible for Editor in 133.01 ms, found 14 plugins.
Preloading 1 native plugins for Editor in 0.22 ms.
Mono: successfully reloaded assembly
- Completed reload, in  0.877 seconds
Domain Reload Profiling:
	ReloadAssembly (877ms)
		BeginReloadAssembly (75ms)
			ExecutionOrderSort (0ms)
			DisableScriptedObjects (0ms)
			BackupInstance (0ms)
			ReleaseScriptingObjects (0ms)
			CreateAndSetChildDomain (1ms)
		EndReloadAssembly (639ms)
			LoadAssemblies (72ms)
			RebuildTransferFunctionScriptingTraits (0ms)
			SetupTypeCache (141ms)
			ReleaseScriptCaches (0ms)
			RebuildScriptCaches (28ms)
			SetupLoadedEditorAssemblies (417ms)
				LogAssemblyErrors (0ms)
				InitializePlatformSupportModulesInManaged (75ms)
				SetLoadedEditorAssemblies (0ms)
				RefreshPlugins (133ms)
				BeforeProcessingInitializeOnLoad (1ms)
				ProcessInitializeOnLoadAttributes (137ms)
				ProcessInitializeOnLoadMethodAttributes (70ms)
				AfterProcessingInitializeOnLoad (0ms)
				EditorAssembliesLoaded (0ms)
			ExecutionOrderSort2 (0ms)
			AwakeInstancesAfterBackupRestoration (0ms)
Platform modules already initialized, skipping
Registering precompiled user dll's ...
Registered in 0.010873 seconds.
Android Extension - Scanning For ADB Devices 734 ms
Begin MonoManager ReloadAssembly
Symbol file LoadedFromMemory doesn't match image C:\Users\marka\Documents\GitHub\FiringRangeP2532535\NewVRGameP2532535\Library\PackageCache\com.unity.visualscripting@1.7.6\Editor\VisualScripting.Core\Dependencies\DotNetZip\Unity.VisualScripting.IonicZip.dll
Symbol file LoadedFromMemory doesn't match image C:\Users\marka\Documents\GitHub\FiringRangeP2532535\NewVRGameP2532535\Library\PackageCache\com.unity.visualscripting@1.7.6\Editor\VisualScripting.Core\Dependencies\YamlDotNet\Unity.VisualScripting.YamlDotNet.dll
Native extension for WindowsStandalone target not found
Native extension for Android target not found
Refreshing native plugins compatible for Editor in 112.49 ms, found 14 plugins.
Preloading 1 native plugins for Editor in 0.07 ms.
Package Manager log level set to [2]
[XR] OculusXRPlugin: registering subsystems
[XR] Unable to register display lifecyle provider: [1]
[XR] Oculus Input lifecycle provider registered.
[XR] Unable to register input lifecyle provider: [1]
[XR] OVRP version 1.87.0
Mono: successfully reloaded assembly
- Completed reload, in  1.487 seconds
Domain Reload Profiling:
	ReloadAssembly (1487ms)
		BeginReloadAssembly (100ms)
			ExecutionOrderSort (0ms)
			DisableScriptedObjects (5ms)
			BackupInstance (0ms)
			ReleaseScriptingObjects (0ms)
			CreateAndSetChildDomain (18ms)
		EndReloadAssembly (1283ms)
			LoadAssemblies (85ms)
			RebuildTransferFunctionScriptingTraits (0ms)
			SetupTypeCache (264ms)
			ReleaseScriptCaches (1ms)
			RebuildScriptCaches (97ms)
			SetupLoadedEditorAssemblies (784ms)
				LogAssemblyErrors (0ms)
				InitializePlatformSupportModulesInManaged (12ms)
				SetLoadedEditorAssemblies (0ms)
				RefreshPlugins (113ms)
				BeforeProcessingInitializeOnLoad (110ms)
				ProcessInitializeOnLoadAttributes (521ms)
				ProcessInitializeOnLoadMethodAttributes (21ms)
				AfterProcessingInitializeOnLoad (8ms)
				EditorAssembliesLoaded (0ms)
			ExecutionOrderSort2 (0ms)
			AwakeInstancesAfterBackupRestoration (5ms)
Platform modules already initialized, skipping
========================================================================
Worker process is ready to serve import requests
Shader 'Oculus/OVRMRCameraFrameLit': fallback shader 'Alpha-Diffuse' not found
Launched and connected shader compiler UnityShaderCompiler.exe after 0.04 seconds
Refreshing native plugins compatible for Editor in 2.43 ms, found 14 plugins.
Preloading 1 native plugins for Editor in 0.11 ms.
Unloading 6074 Unused Serialized files (Serialized files now loaded: 0)
Unloading 69 unused Assets / (32.4 KB). Loaded Objects now: 6528.
Memory consumption went from 251.8 MB to 251.8 MB.
Total: 3.540000 ms (FindLiveObjects: 0.549300 ms CreateObjectMapping: 0.156200 ms MarkObjects: 2.796000 ms  DeleteObjects: 0.037000 ms)

AssetImportParameters requested are different than current active one (requested -> active):
  custom:video-decoder-ogg-theora: a1e56fd34408186e4bbccfd4996cb3dc -> 
  custom:container-muxer-webm: aa71ff27fc2769a1b78a27578f13a17b -> 
  custom:container-demuxer-webm: 4f35f7cbe854078d1ac9338744f61a02 -> 
  custom:video-encoder-webm-vp8: eb34c28f22e8b96e1ab97ce403110664 -> 
  custom:audio-encoder-webm-vorbis: bf7c407c2cedff20999df2af8eb42d56 -> 
  custom:framework-win-MediaFoundation: 216162199b28c13a410421893ffa2e32 -> 
  custom:container-demuxer-ogg: 62fdf1f143b41e24485cea50d1cbac27 -> 
  custom:video-decoder-webm-vp8: 9c59270c3fd7afecdb556c50c9e8de78 -> 
  custom:audio-decoder-ogg-vorbis: bf7c407c2cedff20999df2af8eb42d56 -> 
========================================================================
Received Import Request.
  Time since last request: 368679.685498 seconds.
  path: Assets/ShootingGallery - Enviroment Pack/Prefabs/SmallGallery/SGLamp.prefab
  artifactKey: Guid(d84d93984d0aded4f9518f2cd93d5701) Importer(815301076,1909f56bfc062723c751e8b465ee728b)
Start importing Assets/ShootingGallery - Enviroment Pack/Prefabs/SmallGallery/SGLamp.prefab using Guid(d84d93984d0aded4f9518f2cd93d5701) Importer(815301076,1909f56bfc062723c751e8b465ee728b)  -> (artifact id: 'aee8875dc4825bf04ea7fe87f05e08fb') in 0.084231 seconds 
========================================================================
Received Import Request.
  Time since last request: 0.000029 seconds.
  path: Assets/ShootingGallery - Enviroment Pack/Prefabs/SmallGallery/SGPictureB.prefab
  artifactKey: Guid(31230b167f53a214f943a895bb1de227) Importer(815301076,1909f56bfc062723c751e8b465ee728b)
Start importing Assets/ShootingGallery - Enviroment Pack/Prefabs/SmallGallery/SGPictureB.prefab using Guid(31230b167f53a214f943a895bb1de227) Importer(815301076,1909f56bfc062723c751e8b465ee728b)  -> (artifact id: '470cd9e6b6c69ecd3083a772dcccb6dd') in 0.203406 seconds 
========================================================================
Received Import Request.
  Time since last request: 0.000030 seconds.
  path: Assets/ShootingGallery - Enviroment Pack/Prefabs/SmallGallery/SGPictureA.prefab
  artifactKey: Guid(e5f99a3431e38c740bd8e9283920f27c) Importer(815301076,1909f56bfc062723c751e8b465ee728b)
Start importing Assets/ShootingGallery - Enviroment Pack/Prefabs/SmallGallery/SGPictureA.prefab using Guid(e5f99a3431e38c740bd8e9283920f27c) Importer(815301076,1909f56bfc062723c751e8b465ee728b)  -> (artifact id: '30dd00d08b47a455e943ddb50fc6b10a') in 0.169199 seconds 
========================================================================
Received Import Request.
  Time since last request: 0.733350 seconds.
  path: Assets/Oculus/SampleFramework/Usage/Locomotion/Models/BridgePlatform01.fbx
  artifactKey: Guid(45fe47bcb515e419e8d449523fac0782) Importer(815301076,1909f56bfc062723c751e8b465ee728b)
Start importing Assets/Oculus/SampleFramework/Usage/Locomotion/Models/BridgePlatform01.fbx using Guid(45fe47bcb515e419e8d449523fac0782) Importer(815301076,1909f56bfc062723c751e8b465ee728b)  -> (artifact id: '6bdda2cc06c7a777da5264b88aacd77e') in 0.107840 seconds 
========================================================================
Received Import Request.
  Time since last request: 0.000027 seconds.
  path: Assets/Oculus/SampleFramework/Usage/Locomotion/Models/WedgeFloor_10.fbx
  artifactKey: Guid(2225882751f554d0989a705cd3846b1c) Importer(815301076,1909f56bfc062723c751e8b465ee728b)
Start importing Assets/Oculus/SampleFramework/Usage/Locomotion/Models/WedgeFloor_10.fbx using Guid(2225882751f554d0989a705cd3846b1c) Importer(815301076,1909f56bfc062723c751e8b465ee728b)  -> (artifact id: '5e455d6043b8ecf60bfaddb91134fe8a') in 0.078470 seconds 
========================================================================
Received Import Request.
  Time since last request: 0.000030 seconds.
  path: Assets/Oculus/SampleFramework/Usage/Locomotion/Models/Cube_1_3.fbx
  artifactKey: Guid(ced5e2b8b344542e3ba04620048ca68b) Importer(815301076,1909f56bfc062723c751e8b465ee728b)
Start importing Assets/Oculus/SampleFramework/Usage/Locomotion/Models/Cube_1_3.fbx using Guid(ced5e2b8b344542e3ba04620048ca68b) Importer(815301076,1909f56bfc062723c751e8b465ee728b)  -> (artifact id: 'bf24ad8358efd5d7ace014420b47280f') in 0.049224 seconds 
========================================================================
Received Import Request.
  Time since last request: 0.000023 seconds.
  path: Assets/Oculus/SampleFramework/Usage/Locomotion/Models/Cube_1x4.fbx
  artifactKey: Guid(24da116da1bdc42f9baa1d364abfbf73) Importer(815301076,1909f56bfc062723c751e8b465ee728b)
Start importing Assets/Oculus/SampleFramework/Usage/Locomotion/Models/Cube_1x4.fbx using Guid(24da116da1bdc42f9baa1d364abfbf73) Importer(815301076,1909f56bfc062723c751e8b465ee728b)  -> (artifact id: '7e96dcbd17a245cad2adffd7e169c901') in 0.045391 seconds 
========================================================================
Received Import Request.
  Time since last request: 0.000021 seconds.
  path: Assets/Oculus/SampleFramework/Usage/Locomotion/Models/Cube_1_8.fbx
  artifactKey: Guid(5e499b0e5bd2f4813ac6a5fc723b3d44) Importer(815301076,1909f56bfc062723c751e8b465ee728b)
Start importing Assets/Oculus/SampleFramework/Usage/Locomotion/Models/Cube_1_8.fbx using Guid(5e499b0e5bd2f4813ac6a5fc723b3d44) Importer(815301076,1909f56bfc062723c751e8b465ee728b)  -> (artifact id: '2bb0e56d8403ee71b6210ad43c48d105') in 0.055429 seconds 
========================================================================
Received Import Request.
  Time since last request: 0.000020 seconds.
  path: Assets/Oculus/SampleFramework/Usage/Locomotion/Models/WedgeFloor_07.fbx
  artifactKey: Guid(00f1dcd1f78b54882b39391706592dff) Importer(815301076,1909f56bfc062723c751e8b465ee728b)
Start importing Assets/Oculus/SampleFramework/Usage/Locomotion/Models/WedgeFloor_07.fbx using Guid(00f1dcd1f78b54882b39391706592dff) Importer(815301076,1909f56bfc062723c751e8b465ee728b)  -> (artifact id: 'ab44e7644719632e437e09929bf62629') in 0.044180 seconds 
========================================================================
Received Import Request.
  Time since last request: 0.000023 seconds.
  path: Assets/Oculus/SampleFramework/Usage/Locomotion/Models/WedgeCeiling_20.fbx
  artifactKey: Guid(566b4e51210294135802fb595f6d0699) Importer(815301076,1909f56bfc062723c751e8b465ee728b)
Start importing Assets/Oculus/SampleFramework/Usage/Locomotion/Models/WedgeCeiling_20.fbx using Guid(566b4e51210294135802fb595f6d0699) Importer(815301076,1909f56bfc062723c751e8b465ee728b)  -> (artifact id: '67b33cd43442ebc1afe6d7c8ab03a5f7') in 0.049358 seconds 
========================================================================
Received Import Request.
  Time since last request: 0.000028 seconds.
  path: Assets/Oculus/SampleFramework/Usage/Locomotion/Models/Cube_1_5.fbx
  artifactKey: Guid(662b03c631561489b914cc45ca1ef4ff) Importer(815301076,1909f56bfc062723c751e8b465ee728b)
Start importing Assets/Oculus/SampleFramework/Usage/Locomotion/Models/Cube_1_5.fbx using Guid(662b03c631561489b914cc45ca1ef4ff) Importer(815301076,1909f56bfc062723c751e8b465ee728b)  -> (artifact id: '9d5489e78cd3d9ebd634552e340695b3') in 0.049530 seconds 
========================================================================
Received Import Request.
  Time since last request: 0.000039 seconds.
  path: Assets/Oculus/SampleFramework/Usage/Locomotion/Models/WedgeFloor_09.fbx
  artifactKey: Guid(74ec681953144457584b58109d62cba2) Importer(815301076,1909f56bfc062723c751e8b465ee728b)
Start importing Assets/Oculus/SampleFramework/Usage/Locomotion/Models/WedgeFloor_09.fbx using Guid(74ec681953144457584b58109d62cba2) Importer(815301076,1909f56bfc062723c751e8b465ee728b)  -> (artifact id: '8c3c7e456c11848591e0f5f45ba28d55') in 0.049762 seconds 
========================================================================
Received Import Request.
  Time since last request: 0.000021 seconds.
  path: Assets/Oculus/SampleFramework/Usage/Locomotion/Models/WedgeFloor_01.fbx
  artifactKey: Guid(21910c3378b59465aae1effa11412932) Importer(815301076,1909f56bfc062723c751e8b465ee728b)
Start importing Assets/Oculus/SampleFramework/Usage/Locomotion/Models/WedgeFloor_01.fbx using Guid(21910c3378b59465aae1effa11412932) Importer(815301076,1909f56bfc062723c751e8b465ee728b)  -> (artifact id: 'b04d78536a9b507835eebe7d9fe169bc') in 0.043339 seconds 
========================================================================
Received Import Request.
  Time since last request: 0.000019 seconds.
  path: Assets/Oculus/SampleFramework/Usage/Locomotion/Models/GroundSection01.fbx
  artifactKey: Guid(3b3b1c9d534014038a8a08e1d286b9f4) Importer(815301076,1909f56bfc062723c751e8b465ee728b)
Start importing Assets/Oculus/SampleFramework/Usage/Locomotion/Models/GroundSection01.fbx using Guid(3b3b1c9d534014038a8a08e1d286b9f4) Importer(815301076,1909f56bfc062723c751e8b465ee728b)  -> (artifact id: '7409986211cc312c1da597ff1a101d18') in 0.378136 seconds 
========================================================================
Received Import Request.
  Time since last request: 0.000026 seconds.
  path: Assets/Oculus/SampleFramework/Usage/Locomotion/Models/Cube_1_9.fbx
  artifactKey: Guid(27b0bc30a7a594c8ebf062ec735d41e0) Importer(815301076,1909f56bfc062723c751e8b465ee728b)
Start importing Assets/Oculus/SampleFramework/Usage/Locomotion/Models/Cube_1_9.fbx using Guid(27b0bc30a7a594c8ebf062ec735d41e0) Importer(815301076,1909f56bfc062723c751e8b465ee728b)  -> (artifact id: '70748b3af1500625f539c297db2027d9') in 0.062814 seconds 
========================================================================
Received Import Request.
  Time since last request: 0.000027 seconds.
  path: Assets/Oculus/SampleFramework/Usage/Locomotion/Models/WedgeFloor_08.fbx
  artifactKey: Guid(9b2d906e356b541488fc78ab4a17243b) Importer(815301076,1909f56bfc062723c751e8b465ee728b)
Start importing Assets/Oculus/SampleFramework/Usage/Locomotion/Models/WedgeFloor_08.fbx using Guid(9b2d906e356b541488fc78ab4a17243b) Importer(815301076,1909f56bfc062723c751e8b465ee728b)  -> (artifact id: '095af5b97709250ba783144138c42f65') in 0.049072 seconds 
========================================================================
Received Import Request.
  Time since last request: 0.000022 seconds.
  path: Assets/Oculus/SampleFramework/Usage/Locomotion/Models/Cube_1_2.fbx
  artifactKey: Guid(540bca11e17b14edb9461efe36f0d52b) Importer(815301076,1909f56bfc062723c751e8b465ee728b)
Start importing Assets/Oculus/SampleFramework/Usage/Locomotion/Models/Cube_1_2.fbx using Guid(540bca11e17b14edb9461efe36f0d52b) Importer(815301076,1909f56bfc062723c751e8b465ee728b)  -> (artifact id: '092d1ffc980cb83fdaeaa415f08e88ae') in 0.050933 seconds 
========================================================================
Received Import Request.
  Time since last request: 0.000025 seconds.
  path: Assets/Oculus/SampleFramework/Usage/Locomotion/Models/WalkWedge_01.fbx
  artifactKey: Guid(81becef10d5504ac0899403e584c3f01) Importer(815301076,1909f56bfc062723c751e8b465ee728b)
Start importing Assets/Oculus/SampleFramework/Usage/Locomotion/Models/WalkWedge_01.fbx using Guid(81becef10d5504ac0899403e584c3f01) Importer(815301076,1909f56bfc062723c751e8b465ee728b)  -> (artifact id: '0414ff042a1c426c200c3dd990dc12dd') in 0.045046 seconds 
========================================================================
Received Import Request.
  Time since last request: 0.000019 seconds.
  path: Assets/Oculus/SampleFramework/Usage/Locomotion/Models/ThinBars.fbx
  artifactKey: Guid(3912ee21d70e642d9aefc6aa25df6390) Importer(815301076,1909f56bfc062723c751e8b465ee728b)
Start importing Assets/Oculus/SampleFramework/Usage/Locomotion/Models/ThinBars.fbx using Guid(3912ee21d70e642d9aefc6aa25df6390) Importer(815301076,1909f56bfc062723c751e8b465ee728b)  -> (artifact id: 'bda92a86fa01185da35cf7328b5c0d58') in 0.072828 seconds 
========================================================================
Received Import Request.
  Time since last request: 0.000025 seconds.
  path: Assets/Oculus/SampleFramework/Usage/Locomotion/Models/WedgeCeiling_15.fbx
  artifactKey: Guid(9b9a865d8bbaa4aba869373566746a86) Importer(815301076,1909f56bfc062723c751e8b465ee728b)
Start importing Assets/Oculus/SampleFramework/Usage/Locomotion/Models/WedgeCeiling_15.fbx using Guid(9b9a865d8bbaa4aba869373566746a86) Importer(815301076,1909f56bfc062723c751e8b465ee728b)  -> (artifact id: 'fe7a999f8a66126953c3e12ebdba7b26') in 0.049905 seconds 
Editor requested this worker to shutdown with reason: Scaling down because of idle timeout
AssetImportWorker is now disconnected from the server
Process exiting
Exiting without the bug reporter. Application will terminate with return code 0