Using pre-set license
Built from '2021.2/staging' branch; Version is '2021.2.18f1 (0c6e675195cf) revision 814695'; Using compiler version '192829333'; Build Type 'Release'
OS: 'Windows 10  (10.0.19045) 64bit Professional' Language: 'en' Physical Memory: 16332 MB
BatchMode: 1, IsHumanControllingUs: 0, StartBugReporterOnCrash: 0, Is64bit: 1, IsPro: 1

COMMAND LINE ARGUMENTS:
C:\Program Files\Unity\Hub\Editor\2021.2.18f1\Editor\Unity.exe
-adb2
-batchMode
-noUpm
-name
AssetImportWorker23
-projectPath
C:/Users/marka/Documents/GitHub/FiringRangeP2532535/NewVRGameP2532535
-logFile
Logs/AssetImportWorker23.log
-srvPort
55691
Successfully changed project path to: C:/Users/marka/Documents/GitHub/FiringRangeP2532535/NewVRGameP2532535
C:/Users/marka/Documents/GitHub/FiringRangeP2532535/NewVRGameP2532535
[UnityMemory] Configuration Parameters - Can be set up in boot.config
    "memorysetup-bucket-allocator-granularity=16"
    "memorysetup-bucket-allocator-bucket-count=8"
    "memorysetup-bucket-allocator-block-size=33554432"
    "memorysetup-bucket-allocator-block-count=8"
    "memorysetup-main-allocator-block-size=16777216"
    "memorysetup-thread-allocator-block-size=16777216"
    "memorysetup-gfx-main-allocator-block-size=16777216"
    "memorysetup-gfx-thread-allocator-block-size=16777216"
    "memorysetup-cache-allocator-block-size=4194304"
    "memorysetup-typetree-allocator-block-size=2097152"
    "memorysetup-profiler-bucket-allocator-granularity=16"
    "memorysetup-profiler-bucket-allocator-bucket-count=8"
    "memorysetup-profiler-bucket-allocator-block-size=33554432"
    "memorysetup-profiler-bucket-allocator-block-count=8"
    "memorysetup-profiler-allocator-block-size=16777216"
    "memorysetup-profiler-editor-allocator-block-size=1048576"
    "memorysetup-temp-allocator-size-main=16777216"
    "memorysetup-job-temp-allocator-block-size=2097152"
    "memorysetup-job-temp-allocator-block-size-background=1048576"
    "memorysetup-job-temp-allocator-reduction-small-platforms=262144"
    "memorysetup-temp-allocator-size-background-worker=32768"
    "memorysetup-temp-allocator-size-job-worker=262144"
    "memorysetup-temp-allocator-size-preload-manager=33554432"
    "memorysetup-temp-allocator-size-nav-mesh-worker=65536"
    "memorysetup-temp-allocator-size-audio-worker=65536"
    "memorysetup-temp-allocator-size-cloud-worker=32768"
    "memorysetup-temp-allocator-size-gi-baking-worker=262144"
    "memorysetup-temp-allocator-size-gfx=262144"
Refreshing native plugins compatible for Editor in 172.99 ms, found 14 plugins.
Preloading 1 native plugins for Editor in 0.85 ms.
Initialize engine version: 2021.2.18f1 (0c6e675195cf)
[Subsystems] Discovering subsystems at path C:/Program Files/Unity/Hub/Editor/2021.2.18f1/Editor/Data/Resources/UnitySubsystems
[Subsystems] Discovering subsystems at path C:/Users/marka/Documents/GitHub/FiringRangeP2532535/NewVRGameP2532535/Assets
GfxDevice: creating device client; threaded=0; jobified=0
Direct3D:
    Version:  Direct3D 11.0 [level 11.1]
    Renderer: AMD Radeon RX 6700 XT (ID=0x73df)
    Vendor:   ATI
    VRAM:     12243 MB
    Driver:   31.0.12029.10015
Shader 'Oculus/OVRMRCameraFrameLit': fallback shader 'Alpha-Diffuse' not found
Initialize mono
Mono path[0] = 'C:/Program Files/Unity/Hub/Editor/2021.2.18f1/Editor/Data/Managed'
Mono path[1] = 'C:/Program Files/Unity/Hub/Editor/2021.2.18f1/Editor/Data/MonoBleedingEdge/lib/mono/unityjit-win32'
Mono config path = 'C:/Program Files/Unity/Hub/Editor/2021.2.18f1/Editor/Data/MonoBleedingEdge/etc'
Using monoOptions --debugger-agent=transport=dt_socket,embedding=1,server=y,suspend=n,address=127.0.0.1:56496
Begin MonoManager ReloadAssembly
Registering precompiled unity dll's ...
Register platform support module: C:/Program Files/Unity/Hub/Editor/2021.2.18f1/Editor/Data/PlaybackEngines/AndroidPlayer/UnityEditor.Android.Extensions.dll
Register platform support module: C:/Program Files/Unity/Hub/Editor/2021.2.18f1/Editor/Data/PlaybackEngines/WindowsStandaloneSupport/UnityEditor.WindowsStandalone.Extensions.dll
Registered in 0.012645 seconds.
Native extension for WindowsStandalone target not found
Native extension for Android target not found
Refreshing native plugins compatible for Editor in 137.10 ms, found 14 plugins.
Preloading 1 native plugins for Editor in 0.19 ms.
Mono: successfully reloaded assembly
- Completed reload, in  0.789 seconds
Domain Reload Profiling:
	ReloadAssembly (789ms)
		BeginReloadAssembly (94ms)
			ExecutionOrderSort (0ms)
			DisableScriptedObjects (0ms)
			BackupInstance (0ms)
			ReleaseScriptingObjects (0ms)
			CreateAndSetChildDomain (1ms)
		EndReloadAssembly (521ms)
			LoadAssemblies (92ms)
			RebuildTransferFunctionScriptingTraits (0ms)
			SetupTypeCache (116ms)
			ReleaseScriptCaches (0ms)
			RebuildScriptCaches (26ms)
			SetupLoadedEditorAssemblies (326ms)
				LogAssemblyErrors (0ms)
				InitializePlatformSupportModulesInManaged (60ms)
				SetLoadedEditorAssemblies (0ms)
				RefreshPlugins (137ms)
				BeforeProcessingInitializeOnLoad (1ms)
				ProcessInitializeOnLoadAttributes (88ms)
				ProcessInitializeOnLoadMethodAttributes (39ms)
				AfterProcessingInitializeOnLoad (0ms)
				EditorAssembliesLoaded (0ms)
			ExecutionOrderSort2 (0ms)
			AwakeInstancesAfterBackupRestoration (0ms)
Platform modules already initialized, skipping
Registering precompiled user dll's ...
Registered in 0.011971 seconds.
Android Extension - Scanning For ADB Devices 741 ms
Begin MonoManager ReloadAssembly
Symbol file LoadedFromMemory doesn't match image C:\Users\marka\Documents\GitHub\FiringRangeP2532535\NewVRGameP2532535\Library\PackageCache\com.unity.visualscripting@1.7.6\Editor\VisualScripting.Core\Dependencies\DotNetZip\Unity.VisualScripting.IonicZip.dll
Symbol file LoadedFromMemory doesn't match image C:\Users\marka\Documents\GitHub\FiringRangeP2532535\NewVRGameP2532535\Library\PackageCache\com.unity.visualscripting@1.7.6\Editor\VisualScripting.Core\Dependencies\YamlDotNet\Unity.VisualScripting.YamlDotNet.dll
Native extension for WindowsStandalone target not found
Native extension for Android target not found
Refreshing native plugins compatible for Editor in 109.73 ms, found 14 plugins.
Preloading 1 native plugins for Editor in 0.07 ms.
Package Manager log level set to [2]
[XR] OculusXRPlugin: registering subsystems
[XR] Unable to register display lifecyle provider: [1]
[XR] Oculus Input lifecycle provider registered.
[XR] Unable to register input lifecyle provider: [1]
[XR] OVRP version 1.87.0
Mono: successfully reloaded assembly
- Completed reload, in  1.250 seconds
Domain Reload Profiling:
	ReloadAssembly (1251ms)
		BeginReloadAssembly (95ms)
			ExecutionOrderSort (0ms)
			DisableScriptedObjects (5ms)
			BackupInstance (0ms)
			ReleaseScriptingObjects (0ms)
			CreateAndSetChildDomain (16ms)
		EndReloadAssembly (1053ms)
			LoadAssemblies (82ms)
			RebuildTransferFunctionScriptingTraits (0ms)
			SetupTypeCache (249ms)
			ReleaseScriptCaches (1ms)
			RebuildScriptCaches (80ms)
			SetupLoadedEditorAssemblies (599ms)
				LogAssemblyErrors (0ms)
				InitializePlatformSupportModulesInManaged (12ms)
				SetLoadedEditorAssemblies (0ms)
				RefreshPlugins (110ms)
				BeforeProcessingInitializeOnLoad (108ms)
				ProcessInitializeOnLoadAttributes (340ms)
				ProcessInitializeOnLoadMethodAttributes (22ms)
				AfterProcessingInitializeOnLoad (8ms)
				EditorAssembliesLoaded (0ms)
			ExecutionOrderSort2 (0ms)
			AwakeInstancesAfterBackupRestoration (4ms)
Platform modules already initialized, skipping
========================================================================
Worker process is ready to serve import requests
Shader 'Oculus/OVRMRCameraFrameLit': fallback shader 'Alpha-Diffuse' not found
Launched and connected shader compiler UnityShaderCompiler.exe after 0.04 seconds
Refreshing native plugins compatible for Editor in 2.00 ms, found 14 plugins.
Preloading 1 native plugins for Editor in 0.09 ms.
Unloading 6074 Unused Serialized files (Serialized files now loaded: 0)
Unloading 69 unused Assets / (32.3 KB). Loaded Objects now: 6528.
Memory consumption went from 251.9 MB to 251.8 MB.
Total: 3.392400 ms (FindLiveObjects: 0.483400 ms CreateObjectMapping: 0.146800 ms MarkObjects: 2.725500 ms  DeleteObjects: 0.035900 ms)

AssetImportParameters requested are different than current active one (requested -> active):
  custom:video-decoder-ogg-theora: a1e56fd34408186e4bbccfd4996cb3dc -> 
  custom:container-muxer-webm: aa71ff27fc2769a1b78a27578f13a17b -> 
  custom:container-demuxer-webm: 4f35f7cbe854078d1ac9338744f61a02 -> 
  custom:video-encoder-webm-vp8: eb34c28f22e8b96e1ab97ce403110664 -> 
  custom:audio-encoder-webm-vorbis: bf7c407c2cedff20999df2af8eb42d56 -> 
  custom:framework-win-MediaFoundation: 216162199b28c13a410421893ffa2e32 -> 
  custom:container-demuxer-ogg: 62fdf1f143b41e24485cea50d1cbac27 -> 
  custom:video-decoder-webm-vp8: 9c59270c3fd7afecdb556c50c9e8de78 -> 
  custom:audio-decoder-ogg-vorbis: bf7c407c2cedff20999df2af8eb42d56 -> 
========================================================================
Received Import Request.
  Time since last request: 372346.174436 seconds.
  path: Assets/ShootingGallery - Enviroment Pack/OBJ Models/BackShootingGallery/BSGRoof/Materials/BSGRoof_Albedo.png
  artifactKey: Guid(64cb0ef823b7a8a4dbc47aa6f12f4d6b) Importer(815301076,1909f56bfc062723c751e8b465ee728b)
Start importing Assets/ShootingGallery - Enviroment Pack/OBJ Models/BackShootingGallery/BSGRoof/Materials/BSGRoof_Albedo.png using Guid(64cb0ef823b7a8a4dbc47aa6f12f4d6b) Importer(815301076,1909f56bfc062723c751e8b465ee728b)  -> (artifact id: '2949b5b69f9b9cf060ff9aca19d136d3') in 0.184546 seconds 
========================================================================
Received Import Request.
  Time since last request: 0.000032 seconds.
  path: Assets/ShootingGallery - Enviroment Pack/OBJ Models/ControlRoom/CRRoof/Materials/CRRoof_Albedo.png
  artifactKey: Guid(6703983d45a04844f897d8f7df37601a) Importer(815301076,1909f56bfc062723c751e8b465ee728b)
Start importing Assets/ShootingGallery - Enviroment Pack/OBJ Models/ControlRoom/CRRoof/Materials/CRRoof_Albedo.png using Guid(6703983d45a04844f897d8f7df37601a) Importer(815301076,1909f56bfc062723c751e8b465ee728b)  -> (artifact id: '67a62b1f5d9e4058e33fbd40ff9af894') in 0.055266 seconds 
========================================================================
Received Import Request.
  Time since last request: 0.000029 seconds.
  path: Assets/ShootingGallery - Enviroment Pack/OBJ Models/ControlRoom/CRRoof/Materials/CRRoof_Normal.png
  artifactKey: Guid(cbdf2f8ef198fe64eaeeac81ac17c222) Importer(815301076,1909f56bfc062723c751e8b465ee728b)
Start importing Assets/ShootingGallery - Enviroment Pack/OBJ Models/ControlRoom/CRRoof/Materials/CRRoof_Normal.png using Guid(cbdf2f8ef198fe64eaeeac81ac17c222) Importer(815301076,1909f56bfc062723c751e8b465ee728b)  -> (artifact id: 'fa703b12560308285c4d934da840404c') in 0.034980 seconds 
========================================================================
Received Import Request.
  Time since last request: 0.000025 seconds.
  path: Assets/ShootingGallery - Enviroment Pack/OBJ Models/ControlRoom/CRRoof/Materials/CRRoof_Metallic.png
  artifactKey: Guid(b0a1ece0409ee3f488e6c2519bca9834) Importer(815301076,1909f56bfc062723c751e8b465ee728b)
Start importing Assets/ShootingGallery - Enviroment Pack/OBJ Models/ControlRoom/CRRoof/Materials/CRRoof_Metallic.png using Guid(b0a1ece0409ee3f488e6c2519bca9834) Importer(815301076,1909f56bfc062723c751e8b465ee728b)  -> (artifact id: '5c707fcf423a33368b44c23688aaf614') in 0.047515 seconds 
========================================================================
Received Import Request.
  Time since last request: 0.000029 seconds.
  path: Assets/ShootingGallery - Enviroment Pack/Prefabs/ControlRoom/CRRoof.prefab
  artifactKey: Guid(4999187588d98ab4bb6d5f0bb0ad9430) Importer(815301076,1909f56bfc062723c751e8b465ee728b)
Start importing Assets/ShootingGallery - Enviroment Pack/Prefabs/ControlRoom/CRRoof.prefab using Guid(4999187588d98ab4bb6d5f0bb0ad9430) Importer(815301076,1909f56bfc062723c751e8b465ee728b)  -> (artifact id: '6ddc5c63f8645de6c2611832c3a73b4c') in 0.221115 seconds 
========================================================================
Received Import Request.
  Time since last request: 0.000026 seconds.
  path: Assets/ShootingGallery - Enviroment Pack/OBJ Models/ControlRoom/CRRoof/Materials/CRRoofMat.mat
  artifactKey: Guid(d22407c6eeffb0f498a23b7f88a7e35c) Importer(815301076,1909f56bfc062723c751e8b465ee728b)
Start importing Assets/ShootingGallery - Enviroment Pack/OBJ Models/ControlRoom/CRRoof/Materials/CRRoofMat.mat using Guid(d22407c6eeffb0f498a23b7f88a7e35c) Importer(815301076,1909f56bfc062723c751e8b465ee728b)  -> (artifact id: '22332825857758da1e16caa1d596077a') in 0.091743 seconds 
========================================================================
Received Import Request.
  Time since last request: 0.000032 seconds.
  path: Assets/ShootingGallery - Enviroment Pack/OBJ Models/BackShootingGallery/BSGRoof/Materials/BSGRoofMat.mat
  artifactKey: Guid(3afc5b5215e85c94e89bc4d1b46e91f0) Importer(815301076,1909f56bfc062723c751e8b465ee728b)
Start importing Assets/ShootingGallery - Enviroment Pack/OBJ Models/BackShootingGallery/BSGRoof/Materials/BSGRoofMat.mat using Guid(3afc5b5215e85c94e89bc4d1b46e91f0) Importer(815301076,1909f56bfc062723c751e8b465ee728b)  -> (artifact id: '8fd9138ccc40d29597532a2560277831') in 0.073278 seconds 
Editor requested this worker to shutdown with reason: Scaling down because of idle timeout
AssetImportWorker is now disconnected from the server
Process exiting
Exiting without the bug reporter. Application will terminate with return code 0