Using pre-set license
Built from '2021.2/staging' branch; Version is '2021.2.18f1 (0c6e675195cf) revision 814695'; Using compiler version '192829333'; Build Type 'Release'
OS: 'Windows 10  (10.0.19045) 64bit Professional' Language: 'en' Physical Memory: 16332 MB
BatchMode: 1, IsHumanControllingUs: 0, StartBugReporterOnCrash: 0, Is64bit: 1, IsPro: 1

COMMAND LINE ARGUMENTS:
C:\Program Files\Unity\Hub\Editor\2021.2.18f1\Editor\Unity.exe
-adb2
-batchMode
-noUpm
-name
AssetImportWorker13
-projectPath
C:/Users/marka/Documents/GitHub/FiringRangeP2532535/NewVRGameP2532535
-logFile
Logs/AssetImportWorker13.log
-srvPort
55691
Successfully changed project path to: C:/Users/marka/Documents/GitHub/FiringRangeP2532535/NewVRGameP2532535
C:/Users/marka/Documents/GitHub/FiringRangeP2532535/NewVRGameP2532535
[UnityMemory] Configuration Parameters - Can be set up in boot.config
    "memorysetup-bucket-allocator-granularity=16"
    "memorysetup-bucket-allocator-bucket-count=8"
    "memorysetup-bucket-allocator-block-size=33554432"
    "memorysetup-bucket-allocator-block-count=8"
    "memorysetup-main-allocator-block-size=16777216"
    "memorysetup-thread-allocator-block-size=16777216"
    "memorysetup-gfx-main-allocator-block-size=16777216"
    "memorysetup-gfx-thread-allocator-block-size=16777216"
    "memorysetup-cache-allocator-block-size=4194304"
    "memorysetup-typetree-allocator-block-size=2097152"
    "memorysetup-profiler-bucket-allocator-granularity=16"
    "memorysetup-profiler-bucket-allocator-bucket-count=8"
    "memorysetup-profiler-bucket-allocator-block-size=33554432"
    "memorysetup-profiler-bucket-allocator-block-count=8"
    "memorysetup-profiler-allocator-block-size=16777216"
    "memorysetup-profiler-editor-allocator-block-size=1048576"
    "memorysetup-temp-allocator-size-main=16777216"
    "memorysetup-job-temp-allocator-block-size=2097152"
    "memorysetup-job-temp-allocator-block-size-background=1048576"
    "memorysetup-job-temp-allocator-reduction-small-platforms=262144"
    "memorysetup-temp-allocator-size-background-worker=32768"
    "memorysetup-temp-allocator-size-job-worker=262144"
    "memorysetup-temp-allocator-size-preload-manager=33554432"
    "memorysetup-temp-allocator-size-nav-mesh-worker=65536"
    "memorysetup-temp-allocator-size-audio-worker=65536"
    "memorysetup-temp-allocator-size-cloud-worker=32768"
    "memorysetup-temp-allocator-size-gi-baking-worker=262144"
    "memorysetup-temp-allocator-size-gfx=262144"
Refreshing native plugins compatible for Editor in 152.37 ms, found 14 plugins.
Preloading 1 native plugins for Editor in 0.53 ms.
Initialize engine version: 2021.2.18f1 (0c6e675195cf)
[Subsystems] Discovering subsystems at path C:/Program Files/Unity/Hub/Editor/2021.2.18f1/Editor/Data/Resources/UnitySubsystems
[Subsystems] Discovering subsystems at path C:/Users/marka/Documents/GitHub/FiringRangeP2532535/NewVRGameP2532535/Assets
GfxDevice: creating device client; threaded=0; jobified=0
Direct3D:
    Version:  Direct3D 11.0 [level 11.1]
    Renderer: AMD Radeon RX 6700 XT (ID=0x73df)
    Vendor:   ATI
    VRAM:     12243 MB
    Driver:   31.0.12029.10015
Shader 'Oculus/OVRMRCameraFrameLit': fallback shader 'Alpha-Diffuse' not found
Initialize mono
Mono path[0] = 'C:/Program Files/Unity/Hub/Editor/2021.2.18f1/Editor/Data/Managed'
Mono path[1] = 'C:/Program Files/Unity/Hub/Editor/2021.2.18f1/Editor/Data/MonoBleedingEdge/lib/mono/unityjit-win32'
Mono config path = 'C:/Program Files/Unity/Hub/Editor/2021.2.18f1/Editor/Data/MonoBleedingEdge/etc'
Using monoOptions --debugger-agent=transport=dt_socket,embedding=1,server=y,suspend=n,address=127.0.0.1:56656
Begin MonoManager ReloadAssembly
Registering precompiled unity dll's ...
Register platform support module: C:/Program Files/Unity/Hub/Editor/2021.2.18f1/Editor/Data/PlaybackEngines/AndroidPlayer/UnityEditor.Android.Extensions.dll
Register platform support module: C:/Program Files/Unity/Hub/Editor/2021.2.18f1/Editor/Data/PlaybackEngines/WindowsStandaloneSupport/UnityEditor.WindowsStandalone.Extensions.dll
Registered in 0.008663 seconds.
Native extension for WindowsStandalone target not found
Native extension for Android target not found
Refreshing native plugins compatible for Editor in 160.83 ms, found 14 plugins.
Preloading 1 native plugins for Editor in 6.20 ms.
Mono: successfully reloaded assembly
- Completed reload, in  0.838 seconds
Domain Reload Profiling:
	ReloadAssembly (838ms)
		BeginReloadAssembly (73ms)
			ExecutionOrderSort (0ms)
			DisableScriptedObjects (0ms)
			BackupInstance (0ms)
			ReleaseScriptingObjects (0ms)
			CreateAndSetChildDomain (1ms)
		EndReloadAssembly (650ms)
			LoadAssemblies (70ms)
			RebuildTransferFunctionScriptingTraits (0ms)
			SetupTypeCache (120ms)
			ReleaseScriptCaches (0ms)
			RebuildScriptCaches (25ms)
			SetupLoadedEditorAssemblies (434ms)
				LogAssemblyErrors (0ms)
				InitializePlatformSupportModulesInManaged (71ms)
				SetLoadedEditorAssemblies (0ms)
				RefreshPlugins (167ms)
				BeforeProcessingInitializeOnLoad (2ms)
				ProcessInitializeOnLoadAttributes (142ms)
				ProcessInitializeOnLoadMethodAttributes (52ms)
				AfterProcessingInitializeOnLoad (0ms)
				EditorAssembliesLoaded (0ms)
			ExecutionOrderSort2 (0ms)
			AwakeInstancesAfterBackupRestoration (0ms)
Platform modules already initialized, skipping
Registering precompiled user dll's ...
Registered in 0.018125 seconds.
Android Extension - Scanning For ADB Devices 673 ms
Begin MonoManager ReloadAssembly
Symbol file LoadedFromMemory doesn't match image C:\Users\marka\Documents\GitHub\FiringRangeP2532535\NewVRGameP2532535\Library\PackageCache\com.unity.visualscripting@1.7.6\Editor\VisualScripting.Core\Dependencies\DotNetZip\Unity.VisualScripting.IonicZip.dll
Symbol file LoadedFromMemory doesn't match image C:\Users\marka\Documents\GitHub\FiringRangeP2532535\NewVRGameP2532535\Library\PackageCache\com.unity.visualscripting@1.7.6\Editor\VisualScripting.Core\Dependencies\YamlDotNet\Unity.VisualScripting.YamlDotNet.dll
Native extension for WindowsStandalone target not found
Native extension for Android target not found
Refreshing native plugins compatible for Editor in 110.29 ms, found 14 plugins.
Preloading 1 native plugins for Editor in 0.06 ms.
Package Manager log level set to [2]
[XR] OculusXRPlugin: registering subsystems
[XR] Unable to register display lifecyle provider: [1]
[XR] Oculus Input lifecycle provider registered.
[XR] Unable to register input lifecyle provider: [1]
[XR] OVRP version 1.87.0
Mono: successfully reloaded assembly
- Completed reload, in  1.318 seconds
Domain Reload Profiling:
	ReloadAssembly (1319ms)
		BeginReloadAssembly (95ms)
			ExecutionOrderSort (0ms)
			DisableScriptedObjects (5ms)
			BackupInstance (0ms)
			ReleaseScriptingObjects (0ms)
			CreateAndSetChildDomain (17ms)
		EndReloadAssembly (1115ms)
			LoadAssemblies (88ms)
			RebuildTransferFunctionScriptingTraits (0ms)
			SetupTypeCache (245ms)
			ReleaseScriptCaches (1ms)
			RebuildScriptCaches (76ms)
			SetupLoadedEditorAssemblies (662ms)
				LogAssemblyErrors (0ms)
				InitializePlatformSupportModulesInManaged (12ms)
				SetLoadedEditorAssemblies (0ms)
				RefreshPlugins (110ms)
				BeforeProcessingInitializeOnLoad (111ms)
				ProcessInitializeOnLoadAttributes (399ms)
				ProcessInitializeOnLoadMethodAttributes (22ms)
				AfterProcessingInitializeOnLoad (8ms)
				EditorAssembliesLoaded (0ms)
			ExecutionOrderSort2 (0ms)
			AwakeInstancesAfterBackupRestoration (4ms)
Platform modules already initialized, skipping
========================================================================
Worker process is ready to serve import requests
Shader 'Oculus/OVRMRCameraFrameLit': fallback shader 'Alpha-Diffuse' not found
Launched and connected shader compiler UnityShaderCompiler.exe after 0.05 seconds
Refreshing native plugins compatible for Editor in 2.09 ms, found 14 plugins.
Preloading 1 native plugins for Editor in 0.09 ms.
Unloading 6074 Unused Serialized files (Serialized files now loaded: 0)
Unloading 69 unused Assets / (32.3 KB). Loaded Objects now: 6528.
Memory consumption went from 251.8 MB to 251.8 MB.
Total: 3.679100 ms (FindLiveObjects: 0.579700 ms CreateObjectMapping: 0.168200 ms MarkObjects: 2.887800 ms  DeleteObjects: 0.042400 ms)

AssetImportParameters requested are different than current active one (requested -> active):
  custom:video-decoder-ogg-theora: a1e56fd34408186e4bbccfd4996cb3dc -> 
  custom:container-muxer-webm: aa71ff27fc2769a1b78a27578f13a17b -> 
  custom:container-demuxer-webm: 4f35f7cbe854078d1ac9338744f61a02 -> 
  custom:video-encoder-webm-vp8: eb34c28f22e8b96e1ab97ce403110664 -> 
  custom:audio-encoder-webm-vorbis: bf7c407c2cedff20999df2af8eb42d56 -> 
  custom:framework-win-MediaFoundation: 216162199b28c13a410421893ffa2e32 -> 
  custom:container-demuxer-ogg: 62fdf1f143b41e24485cea50d1cbac27 -> 
  custom:video-decoder-webm-vp8: 9c59270c3fd7afecdb556c50c9e8de78 -> 
  custom:audio-decoder-ogg-vorbis: bf7c407c2cedff20999df2af8eb42d56 -> 
========================================================================
Received Import Request.
  Time since last request: 368601.197099 seconds.
  path: Assets/ShootingGallery - Enviroment Pack/OBJ Models/BackShootingGallery/BSGSecurityWall/Materials/BSGSecurityWall_Metallic.png
  artifactKey: Guid(c533dd40b0aac6442b90ff7b25a4413b) Importer(815301076,1909f56bfc062723c751e8b465ee728b)
Start importing Assets/ShootingGallery - Enviroment Pack/OBJ Models/BackShootingGallery/BSGSecurityWall/Materials/BSGSecurityWall_Metallic.png using Guid(c533dd40b0aac6442b90ff7b25a4413b) Importer(815301076,1909f56bfc062723c751e8b465ee728b)  -> (artifact id: '91201728d5ce6f12bd9e3322bd59a574') in 0.165388 seconds 
========================================================================
Received Import Request.
  Time since last request: 0.000032 seconds.
  path: Assets/ShootingGallery - Enviroment Pack/Prefabs/ControlRoom/CRWallBlack.prefab
  artifactKey: Guid(42a3904dcdc00ee4f9dc9084fd4c57ee) Importer(815301076,1909f56bfc062723c751e8b465ee728b)
Start importing Assets/ShootingGallery - Enviroment Pack/Prefabs/ControlRoom/CRWallBlack.prefab using Guid(42a3904dcdc00ee4f9dc9084fd4c57ee) Importer(815301076,1909f56bfc062723c751e8b465ee728b)  -> (artifact id: '6d12ec3496a99e03d2ed08cca18e466d') in 0.248936 seconds 
========================================================================
Received Import Request.
  Time since last request: 0.000036 seconds.
  path: Assets/ShootingGallery - Enviroment Pack/OBJ Models/BackShootingGallery/BSGWallWhite/Materials/BSGWallWhiteMat.mat
  artifactKey: Guid(7db5a3ebd70e53b489d2b6d8807458f8) Importer(815301076,1909f56bfc062723c751e8b465ee728b)
Start importing Assets/ShootingGallery - Enviroment Pack/OBJ Models/BackShootingGallery/BSGWallWhite/Materials/BSGWallWhiteMat.mat using Guid(7db5a3ebd70e53b489d2b6d8807458f8) Importer(815301076,1909f56bfc062723c751e8b465ee728b)  -> (artifact id: '4ac4be738fa379943e6eb15d8033961b') in 0.123062 seconds 
========================================================================
Received Import Request.
  Time since last request: 0.000033 seconds.
  path: Assets/ShootingGallery - Enviroment Pack/OBJ Models/ShootingGallery/SGWallB/Materials/SGWallAMat.mat
  artifactKey: Guid(6e6c89dc880a91148830cc5a5bc61f0d) Importer(815301076,1909f56bfc062723c751e8b465ee728b)
Start importing Assets/ShootingGallery - Enviroment Pack/OBJ Models/ShootingGallery/SGWallB/Materials/SGWallAMat.mat using Guid(6e6c89dc880a91148830cc5a5bc61f0d) Importer(815301076,1909f56bfc062723c751e8b465ee728b)  -> (artifact id: 'a5d60f77f1ff343dabb46e907610d80d') in 0.107542 seconds 
========================================================================
Received Import Request.
  Time since last request: 0.000027 seconds.
  path: Assets/ShootingGallery - Enviroment Pack/Prefabs/ControlRoom/CRWallWhite.prefab
  artifactKey: Guid(b2bcfd6500ffc174983bf7e468250963) Importer(815301076,1909f56bfc062723c751e8b465ee728b)
Start importing Assets/ShootingGallery - Enviroment Pack/Prefabs/ControlRoom/CRWallWhite.prefab using Guid(b2bcfd6500ffc174983bf7e468250963) Importer(815301076,1909f56bfc062723c751e8b465ee728b)  -> (artifact id: '6be8336f9a28fb878208410b1ea62bb6') in 0.101151 seconds 
========================================================================
Received Import Request.
  Time since last request: 0.000051 seconds.
  path: Assets/ShootingGallery - Enviroment Pack/OBJ Models/ShootingGallery/SGStrippedWall/Materials/SGStrippedWallMat.mat
  artifactKey: Guid(9a23175b1e5263a4a966aad4a28af918) Importer(815301076,1909f56bfc062723c751e8b465ee728b)
Start importing Assets/ShootingGallery - Enviroment Pack/OBJ Models/ShootingGallery/SGStrippedWall/Materials/SGStrippedWallMat.mat using Guid(9a23175b1e5263a4a966aad4a28af918) Importer(815301076,1909f56bfc062723c751e8b465ee728b)  -> (artifact id: '87275923a91091a503db90c7aa1792db') in 0.103853 seconds 
========================================================================
Received Import Request.
  Time since last request: 0.000029 seconds.
  path: Assets/ShootingGallery - Enviroment Pack/Prefabs/SmallGallery/SGWallBlack.prefab
  artifactKey: Guid(eaedc11ceeaaa7e4bae22eee1d5614d2) Importer(815301076,1909f56bfc062723c751e8b465ee728b)
Start importing Assets/ShootingGallery - Enviroment Pack/Prefabs/SmallGallery/SGWallBlack.prefab using Guid(eaedc11ceeaaa7e4bae22eee1d5614d2) Importer(815301076,1909f56bfc062723c751e8b465ee728b)  -> (artifact id: '815f2e4cb506f7725d747fcda12b010e') in 0.083375 seconds 
========================================================================
Received Import Request.
  Time since last request: 0.000025 seconds.
  path: Assets/ShootingGallery - Enviroment Pack/OBJ Models/BackShootingGallery/BSGWallBlack/Materials/BSGWallBlack_Metallic.png
  artifactKey: Guid(3871586be9d77e540bd8f1f46f4cf5e9) Importer(815301076,1909f56bfc062723c751e8b465ee728b)
Start importing Assets/ShootingGallery - Enviroment Pack/OBJ Models/BackShootingGallery/BSGWallBlack/Materials/BSGWallBlack_Metallic.png using Guid(3871586be9d77e540bd8f1f46f4cf5e9) Importer(815301076,1909f56bfc062723c751e8b465ee728b)  -> (artifact id: '818ea2d7a211250579647a86434eac3b') in 0.044486 seconds 
========================================================================
Received Import Request.
  Time since last request: 0.000037 seconds.
  path: Assets/Oculus/Interaction/Samples/Objects/Environment/Locomotion/Models/Meta_LocomotionGarden.fbx
  artifactKey: Guid(c754269c80afa0f4b94b650d983d92c0) Importer(815301076,1909f56bfc062723c751e8b465ee728b)
Start importing Assets/Oculus/Interaction/Samples/Objects/Environment/Locomotion/Models/Meta_LocomotionGarden.fbx using Guid(c754269c80afa0f4b94b650d983d92c0) Importer(815301076,1909f56bfc062723c751e8b465ee728b)  -> (artifact id: '5a24eaa8f9e67c0af20daec740874889') in 0.156748 seconds 
========================================================================
Received Import Request.
  Time since last request: 0.000029 seconds.
  path: Assets/ShootingGallery - Enviroment Pack/Prefabs/BackShootingGallery/BSGWallBlack.prefab
  artifactKey: Guid(623e6757acfc6084d810b6f5cbab462b) Importer(815301076,1909f56bfc062723c751e8b465ee728b)
Start importing Assets/ShootingGallery - Enviroment Pack/Prefabs/BackShootingGallery/BSGWallBlack.prefab using Guid(623e6757acfc6084d810b6f5cbab462b) Importer(815301076,1909f56bfc062723c751e8b465ee728b)  -> (artifact id: 'a3b6c1c036f6f7147f126806e243cd78') in 0.067368 seconds 
========================================================================
Received Import Request.
  Time since last request: 0.000023 seconds.
  path: Assets/Oculus/SampleFramework/Usage/Locomotion/Textures/wall_cinder_01_nml.png
  artifactKey: Guid(158ed6dbb513a4b9eb8942f0f15401d1) Importer(815301076,1909f56bfc062723c751e8b465ee728b)
Start importing Assets/Oculus/SampleFramework/Usage/Locomotion/Textures/wall_cinder_01_nml.png using Guid(158ed6dbb513a4b9eb8942f0f15401d1) Importer(815301076,1909f56bfc062723c751e8b465ee728b)  -> (artifact id: 'b63f04ecc5456624b70eb6fd64ae08b7') in 0.050314 seconds 
========================================================================
Received Import Request.
  Time since last request: 0.000031 seconds.
  path: Assets/Oculus/SampleFramework/Usage/Locomotion/Textures/wall_brick_01_nml.png
  artifactKey: Guid(50830092afbd8416b9620ec76a8bef69) Importer(815301076,1909f56bfc062723c751e8b465ee728b)
Start importing Assets/Oculus/SampleFramework/Usage/Locomotion/Textures/wall_brick_01_nml.png using Guid(50830092afbd8416b9620ec76a8bef69) Importer(815301076,1909f56bfc062723c751e8b465ee728b)  -> (artifact id: '903781ca57eabb7b42c1cec1de61db92') in 0.044121 seconds 
========================================================================
Received Import Request.
  Time since last request: 0.000025 seconds.
  path: Assets/Oculus/SampleFramework/Usage/Locomotion/Prefabs/SunkenWallsPf.prefab
  artifactKey: Guid(12d2a5f045e39454692a25cb3c3b769f) Importer(815301076,1909f56bfc062723c751e8b465ee728b)
Start importing Assets/Oculus/SampleFramework/Usage/Locomotion/Prefabs/SunkenWallsPf.prefab using Guid(12d2a5f045e39454692a25cb3c3b769f) Importer(815301076,1909f56bfc062723c751e8b465ee728b)  -> (artifact id: 'd9211dac943c4557e71c6d20acfe0696') in 0.178544 seconds 
========================================================================
Received Import Request.
  Time since last request: 0.000027 seconds.
  path: Assets/Oculus/Interaction/Samples/Objects/Environment/Locomotion/Models/Meta_LocomotionBalcony.fbx
  artifactKey: Guid(9821f61cd29cd1f4cb0ee51806a24535) Importer(815301076,1909f56bfc062723c751e8b465ee728b)
Start importing Assets/Oculus/Interaction/Samples/Objects/Environment/Locomotion/Models/Meta_LocomotionBalcony.fbx using Guid(9821f61cd29cd1f4cb0ee51806a24535) Importer(815301076,1909f56bfc062723c751e8b465ee728b)  -> (artifact id: 'dbdb02941ce2359f91f63fd86f10bae2') in 0.166410 seconds 
========================================================================
Received Import Request.
  Time since last request: 0.000258 seconds.
  path: Assets/ShootingGallery - Enviroment Pack/OBJ Models/ShootingGallery/SGWallD/Materials/SGWallD_Albedo.png
  artifactKey: Guid(6dece1b3885b03044a8710069a157594) Importer(815301076,1909f56bfc062723c751e8b465ee728b)
Start importing Assets/ShootingGallery - Enviroment Pack/OBJ Models/ShootingGallery/SGWallD/Materials/SGWallD_Albedo.png using Guid(6dece1b3885b03044a8710069a157594) Importer(815301076,1909f56bfc062723c751e8b465ee728b)  -> (artifact id: '248534c5871d9483082c024fc325f23e') in 0.034037 seconds 
========================================================================
Received Import Request.
  Time since last request: 0.000025 seconds.
  path: Assets/ShootingGallery - Enviroment Pack/OBJ Models/ShootingGallery/SGWallB/Materials/SGWallB_Normal.png
  artifactKey: Guid(e94e9aecef10ece4baba11b664d343b7) Importer(815301076,1909f56bfc062723c751e8b465ee728b)
Start importing Assets/ShootingGallery - Enviroment Pack/OBJ Models/ShootingGallery/SGWallB/Materials/SGWallB_Normal.png using Guid(e94e9aecef10ece4baba11b664d343b7) Importer(815301076,1909f56bfc062723c751e8b465ee728b)  -> (artifact id: 'c5aa2fe30782af993aeefdd568dae05e') in 0.054805 seconds 
========================================================================
Received Import Request.
  Time since last request: 0.000023 seconds.
  path: Assets/Oculus/SampleFramework/Usage/Locomotion/Textures/wall_brick_01_msm.png
  artifactKey: Guid(586be470a004247e6926753b5eb88b54) Importer(815301076,1909f56bfc062723c751e8b465ee728b)
Start importing Assets/Oculus/SampleFramework/Usage/Locomotion/Textures/wall_brick_01_msm.png using Guid(586be470a004247e6926753b5eb88b54) Importer(815301076,1909f56bfc062723c751e8b465ee728b)  -> (artifact id: 'c9337ba5a40a4c830e8ac1243432bf79') in 0.052705 seconds 
========================================================================
Received Import Request.
  Time since last request: 0.000034 seconds.
  path: Assets/Oculus/SampleFramework/Usage/SceneManager/Materials/Wall.mat
  artifactKey: Guid(6e93b83e074481a4c99644a6ef0f2526) Importer(815301076,1909f56bfc062723c751e8b465ee728b)
Start importing Assets/Oculus/SampleFramework/Usage/SceneManager/Materials/Wall.mat using Guid(6e93b83e074481a4c99644a6ef0f2526) Importer(815301076,1909f56bfc062723c751e8b465ee728b)  -> (artifact id: '6d8d9ce04ce8fa602f7c674e6fe41794') in 0.171909 seconds 
========================================================================
Received Import Request.
  Time since last request: 0.000025 seconds.
  path: Assets/ShootingGallery - Enviroment Pack/OBJ Models/ShootingGallery/SGWallA/Materials/SGWallAMat.mat
  artifactKey: Guid(9969ff98ad5475a4c9a1fdb0f4904552) Importer(815301076,1909f56bfc062723c751e8b465ee728b)
Start importing Assets/ShootingGallery - Enviroment Pack/OBJ Models/ShootingGallery/SGWallA/Materials/SGWallAMat.mat using Guid(9969ff98ad5475a4c9a1fdb0f4904552) Importer(815301076,1909f56bfc062723c751e8b465ee728b)  -> (artifact id: '094061471569b4a759912282b3bb7ac3') in 0.161446 seconds 
========================================================================
Received Import Request.
  Time since last request: 0.000035 seconds.
  path: Assets/ShootingGallery - Enviroment Pack/Prefabs/ShootingGallery/SGWallC_A.prefab
  artifactKey: Guid(47445801cacb9fa429e29f9896b11d23) Importer(815301076,1909f56bfc062723c751e8b465ee728b)
Start importing Assets/ShootingGallery - Enviroment Pack/Prefabs/ShootingGallery/SGWallC_A.prefab using Guid(47445801cacb9fa429e29f9896b11d23) Importer(815301076,1909f56bfc062723c751e8b465ee728b)  -> (artifact id: '5b65ea7f0b7b02bfcc5e501f2a1d75e1') in 0.016573 seconds 
========================================================================
Received Import Request.
  Time since last request: 0.000022 seconds.
  path: Assets/ShootingGallery - Enviroment Pack/OBJ Models/BackShootingGallery/BSGSecurityWall/Materials/BSGSecurityWall_Normal.png
  artifactKey: Guid(826588d4a8f2a104d933caa7a160ec88) Importer(815301076,1909f56bfc062723c751e8b465ee728b)
Start importing Assets/ShootingGallery - Enviroment Pack/OBJ Models/BackShootingGallery/BSGSecurityWall/Materials/BSGSecurityWall_Normal.png using Guid(826588d4a8f2a104d933caa7a160ec88) Importer(815301076,1909f56bfc062723c751e8b465ee728b)  -> (artifact id: '33520759eb523bdc814943d322d97bb2') in 0.032782 seconds 
========================================================================
Received Import Request.
  Time since last request: 0.000024 seconds.
  path: Assets/ShootingGallery - Enviroment Pack/OBJ Models/ShootingGallery/SGWallD/Materials/SGWallDMat.mat
  artifactKey: Guid(e52f965f8c792b94fb66ddd1930650bb) Importer(815301076,1909f56bfc062723c751e8b465ee728b)
Start importing Assets/ShootingGallery - Enviroment Pack/OBJ Models/ShootingGallery/SGWallD/Materials/SGWallDMat.mat using Guid(e52f965f8c792b94fb66ddd1930650bb) Importer(815301076,1909f56bfc062723c751e8b465ee728b)  -> (artifact id: '0df7eb74be15550a8efddfbfce54a4ff') in 0.115140 seconds 
Editor requested this worker to shutdown with reason: Scaling down because of idle timeout
AssetImportWorker is now disconnected from the server
Process exiting
Exiting without the bug reporter. Application will terminate with return code 0